Using pre-set license
Built from '2021.3/evg/staging/82bb020e-b03b1330/draft-0' branch; Version is '2021.3.16f1 (4016570cf34f) revision 4200023'; Using compiler version '192829333'; Build Type 'Release'
OS: 'Windows 10  (10.0.19044) 64bit Professional' Language: 'en' Physical Memory: 32663 MB
BatchMode: 1, IsHumanControllingUs: 0, StartBugReporterOnCrash: 0, Is64bit: 1, IsPro: 1

COMMAND LINE ARGUMENTS:
C:\Program Files\Unity 2021.3.16f1\Editor\Unity.exe
-adb2
-batchMode
-noUpm
-name
AssetImportWorker1
-projectPath
E:/3. Game Production/Spring23-Game3/PD-VertSlice/GalacticBaking
-logFile
Logs/AssetImportWorker1.log
-srvPort
50346
Successfully changed project path to: E:/3. Game Production/Spring23-Game3/PD-VertSlice/GalacticBaking
E:/3. Game Production/Spring23-Game3/PD-VertSlice/GalacticBaking
[UnityMemory] Configuration Parameters - Can be set up in boot.config
    "memorysetup-bucket-allocator-granularity=16"
    "memorysetup-bucket-allocator-bucket-count=8"
    "memorysetup-bucket-allocator-block-size=33554432"
    "memorysetup-bucket-allocator-block-count=8"
    "memorysetup-main-allocator-block-size=16777216"
    "memorysetup-thread-allocator-block-size=16777216"
    "memorysetup-gfx-main-allocator-block-size=16777216"
    "memorysetup-gfx-thread-allocator-block-size=16777216"
    "memorysetup-cache-allocator-block-size=4194304"
    "memorysetup-typetree-allocator-block-size=2097152"
    "memorysetup-profiler-bucket-allocator-granularity=16"
    "memorysetup-profiler-bucket-allocator-bucket-count=8"
    "memorysetup-profiler-bucket-allocator-block-size=33554432"
    "memorysetup-profiler-bucket-allocator-block-count=8"
    "memorysetup-profiler-allocator-block-size=16777216"
    "memorysetup-profiler-editor-allocator-block-size=1048576"
    "memorysetup-temp-allocator-size-main=16777216"
    "memorysetup-job-temp-allocator-block-size=2097152"
    "memorysetup-job-temp-allocator-block-size-background=1048576"
    "memorysetup-job-temp-allocator-reduction-small-platforms=262144"
    "memorysetup-temp-allocator-size-background-worker=32768"
    "memorysetup-temp-allocator-size-job-worker=262144"
    "memorysetup-temp-allocator-size-preload-manager=33554432"
    "memorysetup-temp-allocator-size-nav-mesh-worker=65536"
    "memorysetup-temp-allocator-size-audio-worker=65536"
    "memorysetup-temp-allocator-size-cloud-worker=32768"
    "memorysetup-temp-allocator-size-gi-baking-worker=262144"
    "memorysetup-temp-allocator-size-gfx=262144"
Player connection [9276] Host "[IP] 192.168.0.199 [Port] 0 [Flags] 2 [Guid] 3536155827 [EditorId] 3536155827 [Version] 1048832 [Id] WindowsEditor(7,DESKTOP-D27UII6) [Debug] 1 [PackageName] WindowsEditor [ProjectName] Editor" joined multi-casting on [225.0.0.222:54997]...

Player connection [9276] Host "[IP] 192.168.0.199 [Port] 0 [Flags] 2 [Guid] 3536155827 [EditorId] 3536155827 [Version] 1048832 [Id] WindowsEditor(7,DESKTOP-D27UII6) [Debug] 1 [PackageName] WindowsEditor [ProjectName] Editor" joined alternative multi-casting on [225.0.0.222:34997]...

Refreshing native plugins compatible for Editor in 100.07 ms, found 4 plugins.
Preloading 0 native plugins for Editor in 0.00 ms.
Initialize engine version: 2021.3.16f1 (4016570cf34f)
[Subsystems] Discovering subsystems at path C:/Program Files/Unity 2021.3.16f1/Editor/Data/Resources/UnitySubsystems
[Subsystems] Discovering subsystems at path E:/3. Game Production/Spring23-Game3/PD-VertSlice/GalacticBaking/Assets
GfxDevice: creating device client; threaded=0; jobified=0
Direct3D:
    Version:  Direct3D 11.0 [level 11.1]
    Renderer: NVIDIA GeForce RTX 3060 (ID=0x2487)
    Vendor:   NVIDIA
    VRAM:     12124 MB
    Driver:   31.0.15.2849
Initialize mono
Mono path[0] = 'C:/Program Files/Unity 2021.3.16f1/Editor/Data/Managed'
Mono path[1] = 'C:/Program Files/Unity 2021.3.16f1/Editor/Data/MonoBleedingEdge/lib/mono/unityjit-win32'
Mono config path = 'C:/Program Files/Unity 2021.3.16f1/Editor/Data/MonoBleedingEdge/etc'
Using monoOptions --debugger-agent=transport=dt_socket,embedding=1,server=y,suspend=n,address=127.0.0.1:56692
Begin MonoManager ReloadAssembly
Registering precompiled unity dll's ...
Register platform support module: C:/Program Files/Unity 2021.3.16f1/Editor/Data/PlaybackEngines/WindowsStandaloneSupport/UnityEditor.WindowsStandalone.Extensions.dll
Registered in 0.005440 seconds.
Native extension for WindowsStandalone target not found
Refreshing native plugins compatible for Editor in 102.18 ms, found 4 plugins.
Preloading 0 native plugins for Editor in 0.00 ms.
Mono: successfully reloaded assembly
- Completed reload, in  0.694 seconds
Domain Reload Profiling:
	ReloadAssembly (695ms)
		BeginReloadAssembly (78ms)
			ExecutionOrderSort (0ms)
			DisableScriptedObjects (0ms)
			BackupInstance (0ms)
			ReleaseScriptingObjects (0ms)
			CreateAndSetChildDomain (1ms)
		EndReloadAssembly (499ms)
			LoadAssemblies (75ms)
			RebuildTransferFunctionScriptingTraits (0ms)
			SetupTypeCache (117ms)
			ReleaseScriptCaches (0ms)
			RebuildScriptCaches (28ms)
			SetupLoadedEditorAssemblies (301ms)
				LogAssemblyErrors (0ms)
				InitializePlatformSupportModulesInManaged (8ms)
				SetLoadedEditorAssemblies (0ms)
				RefreshPlugins (102ms)
				BeforeProcessingInitializeOnLoad (1ms)
				ProcessInitializeOnLoadAttributes (143ms)
				ProcessInitializeOnLoadMethodAttributes (47ms)
				AfterProcessingInitializeOnLoad (0ms)
				EditorAssembliesLoaded (0ms)
			ExecutionOrderSort2 (0ms)
			AwakeInstancesAfterBackupRestoration (0ms)
Platform modules already initialized, skipping
Registering precompiled user dll's ...
Registered in 0.006068 seconds.
Begin MonoManager ReloadAssembly
Native extension for WindowsStandalone target not found
Refreshing native plugins compatible for Editor in 99.96 ms, found 4 plugins.
Preloading 0 native plugins for Editor in 0.00 ms.
Mono: successfully reloaded assembly
- Completed reload, in  1.346 seconds
Domain Reload Profiling:
	ReloadAssembly (1347ms)
		BeginReloadAssembly (116ms)
			ExecutionOrderSort (0ms)
			DisableScriptedObjects (6ms)
			BackupInstance (0ms)
			ReleaseScriptingObjects (0ms)
			CreateAndSetChildDomain (19ms)
		EndReloadAssembly (1106ms)
			LoadAssemblies (93ms)
			RebuildTransferFunctionScriptingTraits (0ms)
			SetupTypeCache (301ms)
			ReleaseScriptCaches (1ms)
			RebuildScriptCaches (64ms)
			SetupLoadedEditorAssemblies (614ms)
				LogAssemblyErrors (0ms)
				InitializePlatformSupportModulesInManaged (4ms)
				SetLoadedEditorAssemblies (0ms)
				RefreshPlugins (100ms)
				BeforeProcessingInitializeOnLoad (100ms)
				ProcessInitializeOnLoadAttributes (378ms)
				ProcessInitializeOnLoadMethodAttributes (21ms)
				AfterProcessingInitializeOnLoad (10ms)
				EditorAssembliesLoaded (0ms)
			ExecutionOrderSort2 (0ms)
			AwakeInstancesAfterBackupRestoration (7ms)
Platform modules already initialized, skipping
========================================================================
Worker process is ready to serve import requests
Launched and connected shader compiler UnityShaderCompiler.exe after 0.03 seconds
Refreshing native plugins compatible for Editor in 0.88 ms, found 4 plugins.
Preloading 0 native plugins for Editor in 0.00 ms.
Unloading 4470 Unused Serialized files (Serialized files now loaded: 0)
Unloading 68 unused Assets / (1.6 MB). Loaded Objects now: 4943.
Memory consumption went from 179.6 MB to 177.9 MB.
Total: 3.624400 ms (FindLiveObjects: 0.411500 ms CreateObjectMapping: 0.362600 ms MarkObjects: 2.498300 ms  DeleteObjects: 0.350700 ms)

AssetImportParameters requested are different than current active one (requested -> active):
  custom:video-decoder-ogg-theora: a1e56fd34408186e4bbccfd4996cb3dc -> 
  custom:container-muxer-webm: aa71ff27fc2769a1b78a27578f13a17b -> 
  custom:container-demuxer-webm: 4f35f7cbe854078d1ac9338744f61a02 -> 
  custom:video-encoder-webm-vp8: eb34c28f22e8b96e1ab97ce403110664 -> 
  custom:audio-encoder-webm-vorbis: bf7c407c2cedff20999df2af8eb42d56 -> 
  custom:framework-win-MediaFoundation: 216162199b28c13a410421893ffa2e32 -> 
  custom:container-demuxer-ogg: 62fdf1f143b41e24485cea50d1cbac27 -> 
  custom:video-decoder-webm-vp8: 9c59270c3fd7afecdb556c50c9e8de78 -> 
  custom:audio-decoder-ogg-vorbis: bf7c407c2cedff20999df2af8eb42d56 -> 
========================================================================
Received Import Request.
  Time since last request: 20292.833831 seconds.
  path: Assets/MaterialsArt/LeafMAT.mat
  artifactKey: Guid(bcc04ef348d286f4294f0e878ebdcb57) Importer(815301076,1909f56bfc062723c751e8b465ee728b)
Start importing Assets/MaterialsArt/LeafMAT.mat using Guid(bcc04ef348d286f4294f0e878ebdcb57) Importer(815301076,1909f56bfc062723c751e8b465ee728b)  -> (artifact id: '87d5a2fdd47c81db9f8aac28767a316a') in 0.134497 seconds 
========================================================================
Received Import Request.
  Time since last request: 0.000022 seconds.
  path: Assets/MaterialsArt/Placeholder
  artifactKey: Guid(a249a3f0fdafd444a823ac907a5a2f3b) Importer(815301076,1909f56bfc062723c751e8b465ee728b)
Start importing Assets/MaterialsArt/Placeholder using Guid(a249a3f0fdafd444a823ac907a5a2f3b) Importer(815301076,1909f56bfc062723c751e8b465ee728b)  -> (artifact id: 'a8ba35e0d1cdb438eff198f5de49925e') in 0.008392 seconds 
========================================================================
Received Import Request.
  Time since last request: 76.428278 seconds.
  path: Assets/MaterialsArt/LeafGMAT 1.mat
  artifactKey: Guid(de3a75ea734151247b433b89730776f1) Importer(815301076,1909f56bfc062723c751e8b465ee728b)
Start importing Assets/MaterialsArt/LeafGMAT 1.mat using Guid(de3a75ea734151247b433b89730776f1) Importer(815301076,1909f56bfc062723c751e8b465ee728b)  -> (artifact id: '658ac7d6f8bb24d7ea31b40d076fd205') in 0.061167 seconds 
========================================================================
Received Import Request.
  Time since last request: 25.257214 seconds.
  path: Assets/MaterialsArt/Textures/EggCrystal.mat
  artifactKey: Guid(c41158d02f5a5c54ab3b2fb7ce74240b) Importer(815301076,1909f56bfc062723c751e8b465ee728b)
Start importing Assets/MaterialsArt/Textures/EggCrystal.mat using Guid(c41158d02f5a5c54ab3b2fb7ce74240b) Importer(815301076,1909f56bfc062723c751e8b465ee728b)  -> (artifact id: '93f89b7d56b639897e8eb4b6725bee5e') in 0.029104 seconds 
========================================================================
Received Import Request.
  Time since last request: 0.000024 seconds.
  path: Assets/MaterialsArt/Textures/EggGold.mat
  artifactKey: Guid(681d5443b73d6a147b7bda980af3b671) Importer(815301076,1909f56bfc062723c751e8b465ee728b)
Start importing Assets/MaterialsArt/Textures/EggGold.mat using Guid(681d5443b73d6a147b7bda980af3b671) Importer(815301076,1909f56bfc062723c751e8b465ee728b)  -> (artifact id: '9602afa956b55e8e7e8efce73063d31f') in 0.027466 seconds 
========================================================================
Received Import Request.
  Time since last request: 33.686248 seconds.
  path: Assets/MaterialsArt/LeafYMAT.mat
  artifactKey: Guid(de3a75ea734151247b433b89730776f1) Importer(815301076,1909f56bfc062723c751e8b465ee728b)
Start importing Assets/MaterialsArt/LeafYMAT.mat using Guid(de3a75ea734151247b433b89730776f1) Importer(815301076,1909f56bfc062723c751e8b465ee728b)  -> (artifact id: 'e00d4b18c13910beb50122b1fad325b5') in 0.014580 seconds 
========================================================================
Received Import Request.
  Time since last request: 17.886074 seconds.
  path: Assets/Prefabs/CrystalMed.prefab
  artifactKey: Guid(2c7af8a991f246143b4660456ca76c88) Importer(815301076,1909f56bfc062723c751e8b465ee728b)
Start importing Assets/Prefabs/CrystalMed.prefab using Guid(2c7af8a991f246143b4660456ca76c88) Importer(815301076,1909f56bfc062723c751e8b465ee728b)  -> (artifact id: 'ec7113f734192598b5991fe121a1582d') in 0.057873 seconds 
========================================================================
Received Import Request.
  Time since last request: 0.000020 seconds.
  path: Assets/Prefabs/PlayerObj.prefab
  artifactKey: Guid(c7be719d71f2fe94bb100965005f11ba) Importer(815301076,1909f56bfc062723c751e8b465ee728b)
Start importing Assets/Prefabs/PlayerObj.prefab using Guid(c7be719d71f2fe94bb100965005f11ba) Importer(815301076,1909f56bfc062723c751e8b465ee728b)  -> (artifact id: '4e31450183919891edf559af07326e4a') in 0.032281 seconds 
